<?xml version="1.0" encoding="UTF-8"?>
<testsuite name="com.alisnobba.ShoppingCartTest" tests="1" skipped="0" failures="0" errors="0" timestamp="2021-04-24T19:26:07" hostname="ADRIAN" time="0.189">
  <properties/>
  <testcase name="testEmptyShoppingCart()" classname="com.alisnobba.ShoppingCartTest" time="0.189"/>
  <system-out><![CDATA[]]></system-out>
  <system-err><![CDATA[]]></system-err>
</testsuite>
