<?xml version="1.0" encoding="UTF-8"?>
<testsuite name="com.alisnobba.ShoppingCartTest" tests="1" skipped="0" failures="0" errors="0" timestamp="2021-04-24T19:46:30" hostname="ADRIAN" time="0.292">
  <properties/>
  <testcase name="testPriceSubtotalInCart()" classname="com.alisnobba.ShoppingCartTest" time="0.292"/>
  <system-out><![CDATA[]]></system-out>
  <system-err><![CDATA[]]></system-err>
</testsuite>
